
23-05-2023 11:12:09 - INFO - tester123@gmail.com - SIGN UP
23-05-2023 11:19:54 - INFO - tester1@gmail.com - SIGN UP
23-05-2023 11:20:35 - INFO - tester123@gmail.com - SIGN IN
23-05-2023 11:29:09 - INFO - tester123@gmail.com - SIGN IN
25-05-2023 08:48:44 - INFO - alif@gmail.com - SIGN UP
25-05-2023 09:03:43 - INFO - alif@gmail.com - SIGN UP
25-05-2023 09:11:54 - INFO - danar@gmail.com - SIGN UP
25-05-2023 09:17:21 - INFO - danar11@gmail.com - SIGN UP
25-05-2023 09:19:56 - INFO - danar12@gmail.com - SIGN UP
25-05-2023 09:20:15 - INFO - danar13@gmail.com - SIGN UP
25-05-2023 09:20:26 - INFO - danar14@gmail.com - SIGN UP
25-05-2023 09:22:00 - INFO - danar15@gmail.com - SIGN UP
25-05-2023 09:22:24 - INFO - danar16@gmail.com - SIGN UP
25-05-2023 09:25:20 - INFO - alif1@gmail.com - SIGN UP
25-05-2023 09:27:40 - INFO - alif2@gmail.com - SIGN UP
25-05-2023 09:28:33 - INFO - alif3@gmail.com - SIGN UP
25-05-2023 09:31:33 - INFO - alif90@gmail.com - SIGN UP
25-05-2023 09:34:27 - INFO - alif90@gmail.com - SIGN UP
25-05-2023 09:47:08 - INFO - alif90@gmail.com - SIGN UP
25-05-2023 09:47:13 - INFO - alif90@gmail.com - SIGN IN
25-05-2023 09:58:34 - INFO - alif90@gmail.com - SIGN IN
25-05-2023 10:00:57 - INFO - alif90@gmail.com - SIGN IN
